<?xml version="1.0" encoding="UTF-8"?>
<testng-results ignored="0" total="1" passed="1" failed="0" skipped="0">
  <reporter-output>
  </reporter-output>
  <suite started-at="2023-03-15T10:22:26 GMT" name="Default suite" finished-at="2023-03-15T10:22:26 GMT" duration-ms="97">
    <groups>
    </groups>
    <test started-at="2023-03-15T10:22:26 GMT" name="Default test" finished-at="2023-03-15T10:22:26 GMT" duration-ms="97">
      <class name="base.NewTest">
        <test-method signature="f()[pri:0, instance:base.NewTest@52b1beb6]" started-at="2023-03-15T10:22:26 GMT" name="f" finished-at="2023-03-15T10:22:26 GMT" duration-ms="15" status="PASS">
          <reporter-output>
          </reporter-output>
        </test-method> <!-- f -->
      </class> <!-- base.NewTest -->
    </test> <!-- Default test -->
  </suite> <!-- Default suite -->
</testng-results>
